<?xml version="1.0" encoding="UTF-8"?>
<!-- Generated by org.testng.reporters.JUnitXMLReporter -->
<testsuite ignored="0" hostname="DESKTOP-64H8JFM" failures="0" tests="4" name="Default test" time="13.727" errors="0" timestamp="2026-04-19T10:01:51 IST">
  <testcase classname="TestNG.Test1" name="openapp" time="8.067"/>
  <testcase classname="TestNG.Test1" name="testlogo" time="5.081"/>
  <testcase classname="TestNG.Test1" name="login" time="0.336"/>
  <testcase classname="TestNG.Test1" name="logout" time="0.174"/>
</testsuite> <!-- Default test -->
