<?xml version="1.0" encoding="UTF-8"?>
<testng-results ignored="0" total="4" passed="4" failed="0" skipped="0">
  <reporter-output>
  </reporter-output>
  <suite started-at="2026-04-19T10:01:37 IST" name="Default suite" finished-at="2026-04-19T10:01:51 IST" duration-ms="13727">
    <groups>
    </groups>
    <test started-at="2026-04-19T10:01:37 IST" name="Default test" finished-at="2026-04-19T10:01:51 IST" duration-ms="13727">
      <class name="TestNG.Test1">
        <test-method signature="openapp()[pri:1, instance:TestNG.Test1@6771beb3]" started-at="2026-04-19T10:01:37 IST" name="openapp" finished-at="2026-04-19T10:01:45 IST" duration-ms="8067" status="PASS">
          <reporter-output>
          </reporter-output>
        </test-method> <!-- openapp -->
        <test-method signature="testlogo()[pri:2, instance:TestNG.Test1@6771beb3]" started-at="2026-04-19T10:01:45 IST" name="testlogo" finished-at="2026-04-19T10:01:50 IST" duration-ms="5081" status="PASS">
          <reporter-output>
          </reporter-output>
        </test-method> <!-- testlogo -->
        <test-method signature="login()[pri:3, instance:TestNG.Test1@6771beb3]" started-at="2026-04-19T10:01:50 IST" name="login" finished-at="2026-04-19T10:01:50 IST" duration-ms="336" status="PASS">
          <reporter-output>
          </reporter-output>
        </test-method> <!-- login -->
        <test-method signature="logout()[pri:4, instance:TestNG.Test1@6771beb3]" started-at="2026-04-19T10:01:50 IST" name="logout" finished-at="2026-04-19T10:01:51 IST" duration-ms="174" status="PASS">
          <reporter-output>
          </reporter-output>
        </test-method> <!-- logout -->
      </class> <!-- TestNG.Test1 -->
    </test> <!-- Default test -->
  </suite> <!-- Default suite -->
</testng-results>
